[    0.000000] Initializing cgroup subsys cpuset
[    0.000000] Initializing cgroup subsys cpu
[    0.000000] Initializing cgroup subsys cpuacct
[    0.000000] Linux version 4.4.0-186-generic (buildd@lcy01-amd64-002) (gcc version 5.4.0 20160609 (Ubuntu 5.4.0-6ubuntu1~16.04.12) ) #216-Ubuntu SMP Wed Jul 1 05:34:05 UTC 2020 (Ubuntu 4.4.0-186.216-generic 4.4.228)
[    0.000000] Command line: BOOT_IMAGE=/boot/vmlinuz-4.4.0-186-generic root=LABEL=cloudimg-rootfs ro console=tty1 console=ttyS0
[    0.000000] KERNEL supported cpus:
[    0.000000]   Intel GenuineIntel
[    0.000000]   AMD AuthenticAMD
[    0.000000]   Centaur CentaurHauls
[    0.000000] [Firmware Bug]: TSC doesn't count with P0 frequency!
[    0.000000] x86/fpu: xstate_offset[2]:  576, xstate_sizes[2]:  256
[    0.000000] x86/fpu: Supporting XSAVE feature 0x01: 'x87 floating point registers'
[    0.000000] x86/fpu: Supporting XSAVE feature 0x02: 'SSE registers'
[    0.000000] x86/fpu: Supporting XSAVE feature 0x04: 'AVX registers'
[    0.000000] x86/fpu: Enabled xstate features 0x7, context size is 832 bytes, using 'standard' format.
[    0.000000] e820: BIOS-provided physical RAM map:
[    0.000000] BIOS-e820: [mem 0x0000000000000000-0x000000000009fbff] usable
[    0.000000] BIOS-e820: [mem 0x000000000009fc00-0x000000000009ffff] reserved
[    0.000000] BIOS-e820: [mem 0x00000000000f0000-0x00000000000fffff] reserved
[    0.000000] BIOS-e820: [mem 0x0000000000100000-0x000000003ffeffff] usable
[    0.000000] BIOS-e820: [mem 0x000000003fff0000-0x000000003fffffff] ACPI data
[    0.000000] BIOS-e820: [mem 0x00000000fec00000-0x00000000fec00fff] reserved
[    0.000000] BIOS-e820: [mem 0x00000000fee00000-0x00000000fee00fff] reserved
[    0.000000] BIOS-e820: [mem 0x00000000fffc0000-0x00000000ffffffff] reserved
[    0.000000] NX (Execute Disable) protection: active
[    0.000000] SMBIOS 2.5 present.
[    0.000000] Hypervisor detected: KVM
[    0.000000] Kernel/User page tables isolation: disabled
[    0.000000] e820: last_pfn = 0x3fff0 max_arch_pfn = 0x400000000
[    0.000000] MTRR: Disabled
[    0.000000] x86/PAT: MTRRs disabled, skipping PAT initialization too.
[    0.000000] CPU MTRRs all blank - virtualized system.
[    0.000000] x86/PAT: Configuration [0-7]: WB  WT  UC- UC  WB  WT  UC- UC  
[    0.000000] found SMP MP-table at [mem 0x0009fff0-0x0009ffff] mapped at [ffff88000009fff0]
[    0.000000] Scanning 1 areas for low memory corruption
[    0.000000] RAMDISK: [mem 0x362de000-0x37166fff]
[    0.000000] ACPI: Early table checksum verification disabled
[    0.000000] ACPI: RSDP 0x00000000000E0000 000024 (v02 VBOX  )
[    0.000000] ACPI: XSDT 0x000000003FFF0030 00003C (v01 VBOX   VBOXXSDT 00000001 ASL  00000061)
[    0.000000] ACPI: FACP 0x000000003FFF00F0 0000F4 (v04 VBOX   VBOXFACP 00000001 ASL  00000061)
[    0.000000] ACPI: DSDT 0x000000003FFF0470 002325 (v02 VBOX   VBOXBIOS 00000002 INTL 20100528)
[    0.000000] ACPI: FACS 0x000000003FFF0200 000040
[    0.000000] ACPI: FACS 0x000000003FFF0200 000040
[    0.000000] ACPI: APIC 0x000000003FFF0240 00005C (v02 VBOX   VBOXAPIC 00000001 ASL  00000061)
[    0.000000] ACPI: SSDT 0x000000003FFF02A0 0001CC (v01 VBOX   VBOXCPUT 00000002 INTL 20100528)
[    0.000000] No NUMA configuration found
[    0.000000] Faking a node at [mem 0x0000000000000000-0x000000003ffeffff]
[    0.000000] NODE_DATA(0) allocated [mem 0x3ffeb000-0x3ffeffff]
[    0.000000] kvm-clock: Using msrs 4b564d01 and 4b564d00
[    0.000000] kvm-clock: cpu 0, msr 0:3ffe3001, primary cpu clock
[    0.000000] kvm-clock: using sched offset of 3269585976 cycles
[    0.000000] clocksource: kvm-clock: mask: 0xffffffffffffffff max_cycles: 0x1cd42e4dffb, max_idle_ns: 881590591483 ns
[    0.000000] Zone ranges:
[    0.000000]   DMA      [mem 0x0000000000001000-0x0000000000ffffff]
[    0.000000]   DMA32    [mem 0x0000000001000000-0x000000003ffeffff]
[    0.000000]   Normal   empty
[    0.000000]   Device   empty
[    0.000000] Movable zone start for each node
[    0.000000] Early memory node ranges
[    0.000000]   node   0: [mem 0x0000000000001000-0x000000000009efff]
[    0.000000]   node   0: [mem 0x0000000000100000-0x000000003ffeffff]
[    0.000000] Initmem setup node 0 [mem 0x0000000000001000-0x000000003ffeffff]
[    0.000000] ACPI: PM-Timer IO Port: 0x4008
[    0.000000] IOAPIC[0]: apic_id 2, version 32, address 0xfec00000, GSI 0-23
[    0.000000] ACPI: INT_SRC_OVR (bus 0 bus_irq 0 global_irq 2 dfl dfl)
[    0.000000] ACPI: INT_SRC_OVR (bus 0 bus_irq 9 global_irq 9 low level)
[    0.000000] Using ACPI (MADT) for SMP configuration information
[    0.000000] smpboot: Allowing 2 CPUs, 0 hotplug CPUs
[    0.000000] PM: Registered nosave memory: [mem 0x00000000-0x00000fff]
[    0.000000] PM: Registered nosave memory: [mem 0x0009f000-0x0009ffff]
[    0.000000] PM: Registered nosave memory: [mem 0x000a0000-0x000effff]
[    0.000000] PM: Registered nosave memory: [mem 0x000f0000-0x000fffff]
[    0.000000] e820: [mem 0x40000000-0xfebfffff] available for PCI devices
[    0.000000] Booting paravirtualized kernel on KVM
[    0.000000] clocksource: refined-jiffies: mask: 0xffffffff max_cycles: 0xffffffff, max_idle_ns: 7645519600211568 ns
[    0.000000] setup_percpu: NR_CPUS:512 nr_cpumask_bits:512 nr_cpu_ids:2 nr_node_ids:1
[    0.000000] PERCPU: Embedded 33 pages/cpu @ffff88003fc00000 s95512 r8192 d31464 u1048576
[    0.000000] Built 1 zonelists in Node order, mobility grouping on.  Total pages: 257912
[    0.000000] Policy zone: DMA32
[    0.000000] Kernel command line: BOOT_IMAGE=/boot/vmlinuz-4.4.0-186-generic root=LABEL=cloudimg-rootfs ro console=tty1 console=ttyS0
[    0.000000] PID hash table entries: 4096 (order: 3, 32768 bytes)
[    0.000000] Memory: 997660K/1048120K available (8636K kernel code, 1337K rwdata, 4040K rodata, 1492K init, 1296K bss, 50460K reserved, 0K cma-reserved)
[    0.000000] SLUB: HWalign=64, Order=0-3, MinObjects=0, CPUs=2, Nodes=1
[    0.000000] Hierarchical RCU implementation.
[    0.000000] 	Build-time adjustment of leaf fanout to 64.
[    0.000000] 	RCU restricting CPUs from NR_CPUS=512 to nr_cpu_ids=2.
[    0.000000] RCU: Adjusting geometry for rcu_fanout_leaf=64, nr_cpu_ids=2
[    0.000000] NR_IRQS:33024 nr_irqs:440 16
[    0.000000] Console: colour VGA+ 80x25
[    0.000000] console [tty1] enabled
[    0.000000] console [ttyS0] enabled
[    0.000000] tsc: Detected 3393.622 MHz processor
[    0.130063] Calibrating delay loop (skipped) preset value.. 6787.24 BogoMIPS (lpj=13574488)
[    0.131488] pid_max: default: 32768 minimum: 301
[    0.132268] ACPI: Core revision 20150930
[    0.133780] ACPI: 2 ACPI AML tables successfully acquired and loaded
[    0.134860] Security Framework initialized
[    0.135555] Yama: becoming mindful.
[    0.136198] AppArmor: AppArmor initialized
[    0.136931] Dentry cache hash table entries: 131072 (order: 8, 1048576 bytes)
[    0.138100] Inode-cache hash table entries: 65536 (order: 7, 524288 bytes)
[    0.144078] Mount-cache hash table entries: 2048 (order: 2, 16384 bytes)
[    0.145111] Mountpoint-cache hash table entries: 2048 (order: 2, 16384 bytes)
[    0.146281] Initializing cgroup subsys io
[    0.146982] Initializing cgroup subsys memory
[    0.147689] Initializing cgroup subsys devices
[    0.148413] Initializing cgroup subsys freezer
[    0.149145] Initializing cgroup subsys net_cls
[    0.149862] Initializing cgroup subsys perf_event
[    0.150643] Initializing cgroup subsys net_prio
[    0.151379] Initializing cgroup subsys hugetlb
[    0.152139] Initializing cgroup subsys pids
[    0.158214] mce: CPU supports 0 MCE banks
[    0.158916] Last level iTLB entries: 4KB 1024, 2MB 1024, 4MB 512
[    0.159829] Last level dTLB entries: 4KB 1536, 2MB 1536, 4MB 768, 1GB 0
[    0.160804] Spectre V1 : Mitigation: usercopy/swapgs barriers and __user pointer sanitization
[    0.162170] Spectre V2 : Spectre mitigation: LFENCE not serializing, switching to generic retpoline
[    0.163571] Spectre V2 : Mitigation: Full generic retpoline
[    0.164419] Spectre V2 : Spectre v2 / SpectreRSB mitigation: Filling RSB on contxt switch
[    0.187731] Speculative Store Bypass: Mitigation: Speculative Store Bypass disabled via prctl and seccomp
[    0.191416] Freeing SMP alternatives memory: 36K
[    0.197390] ftrace: allocating 32334 entries in 127 pages
[    0.251821] smpboot: APIC(0) Converting physical 0 to logical package 0
[    0.252886] smpboot: Max logical packages: 1
[    0.253811] x2apic enabled
[    0.254538] Switched APIC routing to physical x2apic.
[    0.256312] ..TIMER: vector=0x30 apic1=0 pin1=2 apic2=-1 pin2=-1
[    0.365373] smpboot: CPU0: AMD Ryzen 5 2600 Six-Core Processor (family: 0x17, model: 0x8, stepping: 0x2)
[    0.367128] Performance Events: Broken PMU hardware detected, using software events only.
[    0.368541] Failed to access perfctr msr (MSR c0010007 is 0)
[    0.375231] KVM setup paravirtual spinlock
[    0.376519] x86: Booting SMP configuration:
[    0.377216] .... node  #0, CPUs:      #1
[    0.377974] kvm-clock: cpu 1, msr 0:3ffe3041, secondary cpu clock
[    0.384541] mce: CPU supports 0 MCE banks
[    0.386993] x86: Booted up 1 node, 2 CPUs
[    0.387860] smpboot: Total of 2 processors activated (13574.48 BogoMIPS)
[    0.389292] devtmpfs: initialized
[    0.391352] evm: security.selinux
[    0.391956] evm: security.SMACK64
[    0.392546] evm: security.SMACK64EXEC
[    0.393185] evm: security.SMACK64TRANSMUTE
[    0.393877] evm: security.SMACK64MMAP
[    0.394547] evm: security.ima
[    0.395116] evm: security.capability
[    0.400199] clocksource: jiffies: mask: 0xffffffff max_cycles: 0xffffffff, max_idle_ns: 7645041785100000 ns
[    0.401814] futex hash table entries: 512 (order: 3, 32768 bytes)
[    0.402903] pinctrl core: initialized pinctrl subsystem
[    0.403888] RTC time: 10:42:02, date: 08/31/20
[    0.404851] NET: Registered protocol family 16
[    0.412539] cpuidle: using governor ladder
[    0.420359] cpuidle: using governor menu
[    0.421045] PCCT header not found.
[    0.421959] ACPI: bus type PCI registered
[    0.422683] acpiphp: ACPI Hot Plug PCI Controller Driver version: 0.5
[    0.423781] PCI: Using configuration type 1 for base access
[    0.424696] PCI: Using configuration type 1 for extended access
[    0.432561] ACPI: Added _OSI(Module Device)
[    0.433291] ACPI: Added _OSI(Processor Device)
[    0.434077] ACPI: Added _OSI(3.0 _SCP Extensions)
[    0.434876] ACPI: Added _OSI(Processor Aggregator Device)
[    0.436291] ACPI: Executed 1 blocks of module-level executable AML code
[    0.438895] ACPI: Interpreter enabled
[    0.439591] ACPI: (supports S0 S5)
[    0.440198] ACPI: Using IOAPIC for interrupt routing
[    0.441117] PCI: Using host bridge windows from ACPI; if necessary, use "pci=nocrs" and report a bug
[    0.448216] ACPI: PCI Root Bridge [PCI0] (domain 0000 [bus 00-ff])
[    0.449171] acpi PNP0A03:00: _OSC: OS supports [ExtendedConfig ASPM ClockPM Segments MSI]
[    0.450998] acpi PNP0A03:00: _OSC: platform does not support [PCIeCapability]
[    0.452322] acpi PNP0A03:00: _OSC: not requesting control; platform does not support [PCIeCapability]
[    0.453882] acpi PNP0A03:00: _OSC: OS requested [PCIeHotplug PME AER PCIeCapability]
[    0.455178] acpi PNP0A03:00: _OSC: platform willing to grant [PCIeHotplug PME AER]
[    0.456423] acpi PNP0A03:00: _OSC failed (AE_SUPPORT); disabling ASPM
[    0.457679] PCI host bridge to bus 0000:00
[    0.458373] pci_bus 0000:00: root bus resource [io  0x0000-0x0cf7 window]
[    0.466411] pci_bus 0000:00: root bus resource [io  0x0d00-0xffff window]
[    0.467415] pci_bus 0000:00: root bus resource [mem 0x000a0000-0x000bffff window]
[    0.468639] pci_bus 0000:00: root bus resource [mem 0x40000000-0xfdffffff window]
[    0.469853] pci_bus 0000:00: root bus resource [bus 00-ff]
[    0.472343] pci 0000:00:01.1: legacy IDE quirk: reg 0x10: [io  0x01f0-0x01f7]
[    0.473444] pci 0000:00:01.1: legacy IDE quirk: reg 0x14: [io  0x03f6]
[    0.474410] pci 0000:00:01.1: legacy IDE quirk: reg 0x18: [io  0x0170-0x0177]
[    0.475465] pci 0000:00:01.1: legacy IDE quirk: reg 0x1c: [io  0x0376]
[    0.483712] pci 0000:00:07.0: quirk: [io  0x4000-0x403f] claimed by PIIX4 ACPI
[    0.485045] pci 0000:00:07.0: quirk: [io  0x4100-0x410f] claimed by PIIX4 SMB
[    0.490922] ACPI: PCI Interrupt Link [LNKA] (IRQs 5 9 10 *11)
[    0.492415] ACPI: PCI Interrupt Link [LNKB] (IRQs 5 9 *10 11)
[    0.493780] ACPI: PCI Interrupt Link [LNKC] (IRQs 5 *9 10 11)
[    0.495070] ACPI: PCI Interrupt Link [LNKD] (IRQs 5 9 10 *11)
[    0.496397] ACPI: Enabled 2 GPEs in block 00 to 07
[    0.497483] vgaarb: setting as boot device: PCI:0000:00:02.0
[    0.498390] vgaarb: device added: PCI:0000:00:02.0,decodes=io+mem,owns=io+mem,locks=none
[    0.499800] vgaarb: loaded
[    0.500332] vgaarb: bridge control possible 0000:00:02.0
[    0.501360] SCSI subsystem initialized
[    0.502165] ACPI: bus type USB registered
[    0.502914] usbcore: registered new interface driver usbfs
[    0.503817] usbcore: registered new interface driver hub
[    0.504707] usbcore: registered new device driver usb
[    0.505665] PCI: Using ACPI for IRQ routing
[    0.506625] NetLabel: Initializing
[    0.507250] NetLabel:  domain hash size = 128
[    0.511042] NetLabel:  protocols = UNLABELED CIPSOv4
[    0.511899] NetLabel:  unlabeled traffic allowed by default
[    0.512872] amd_nb: Cannot enumerate AMD northbridges
[    0.513742] clocksource: Switched to clocksource kvm-clock
[    0.530723] AppArmor: AppArmor Filesystem Enabled
[    0.531613] pnp: PnP ACPI init
[    0.532828] pnp: PnP ACPI: found 3 devices
[    0.541450] clocksource: acpi_pm: mask: 0xffffff max_cycles: 0xffffff, max_idle_ns: 2085701024 ns
[    0.543008] NET: Registered protocol family 2
[    0.543870] TCP established hash table entries: 8192 (order: 4, 65536 bytes)
[    0.544970] TCP bind hash table entries: 8192 (order: 5, 131072 bytes)
[    0.545988] TCP: Hash tables configured (established 8192 bind 8192)
[    0.553954] UDP hash table entries: 512 (order: 2, 16384 bytes)
[    0.554949] UDP-Lite hash table entries: 512 (order: 2, 16384 bytes)
[    0.555967] NET: Registered protocol family 1
[    0.556740] pci 0000:00:00.0: Limiting direct PCI/PCI transfers
[    0.557681] pci 0000:00:01.0: Activating ISA DMA hang workarounds
[    0.558728] Unpacking initramfs...
[    0.843996] Freeing initrd memory: 14884K
[    0.844817] clocksource: tsc: mask: 0xffffffffffffffff max_cycles: 0x30eac5b3ab4, max_idle_ns: 440795272524 ns
[    0.846483] platform rtc_cmos: registered platform RTC device (no PNP device found)
[    0.847826] Scanning for low memory corruption every 60 seconds
[    0.849042] audit: initializing netlink subsys (disabled)
[    0.849930] audit: type=2000 audit(1598870527.338:1): initialized
[    0.851122] Initialise system trusted keyring
[    0.852015] HugeTLB registered 2 MB page size, pre-allocated 0 pages
[    0.853794] zbud: loaded
[    0.854620] VFS: Disk quotas dquot_6.6.0
[    0.855333] VFS: Dquot-cache hash table entries: 512 (order 0, 4096 bytes)
[    0.856559] squashfs: version 4.0 (2009/01/31) Phillip Lougher
[    0.857709] fuse init (API version 7.23)
[    0.864001] Key type big_key registered
[    0.864707] Allocating IMA MOK and blacklist keyrings.
[    0.866529] Key type asymmetric registered
[    0.867237] Asymmetric key parser 'x509' registered
[    0.868072] Block layer SCSI generic (bsg) driver version 0.4 loaded (major 249)
[    0.869377] io scheduler noop registered
[    0.870109] io scheduler deadline registered (default)
[    0.870999] io scheduler cfq registered
[    0.871739] pci_hotplug: PCI Hot Plug PCI Core version: 0.5
[    0.872604] pciehp: PCI Express Hot Plug Controller Driver version: 0.4
[    0.873651] ACPI: AC Adapter [AC] (on-line)
[    0.874439] input: Power Button as /devices/LNXSYSTM:00/LNXPWRBN:00/input/input0
[    0.875652] ACPI: Power Button [PWRF]
[    0.876319] input: Sleep Button as /devices/LNXSYSTM:00/LNXSLPBN:00/input/input1
[    0.877526] ACPI: Sleep Button [SLPF]
[    0.878319] GHES: HEST is not enabled!
[    0.879073] Serial: 8250/16550 driver, 32 ports, IRQ sharing enabled
[    0.900454] 00:02: ttyS0 at I/O 0x3f8 (irq = 4, base_baud = 115200) is a 16550A
[    0.903338] Linux agpgart interface v0.103
[    0.905268] loop: module loaded
[    0.906298] scsi host0: ata_piix
[    0.907023] scsi host1: ata_piix
[    0.907624] ata1: PATA max UDMA/33 cmd 0x1f0 ctl 0x3f6 bmdma 0xd000 irq 14
[    0.908684] ata2: PATA max UDMA/33 cmd 0x170 ctl 0x376 bmdma 0xd008 irq 15
[    0.910131] libphy: Fixed MDIO Bus: probed
[    0.910813] tun: Universal TUN/TAP device driver, 1.6
[    0.911598] tun: (C) 1999-2004 Max Krasnyansky <maxk@qualcomm.com>
[    0.912576] PPP generic driver version 2.4.2
[    0.913367] ehci_hcd: USB 2.0 'Enhanced' Host Controller (EHCI) Driver
[    0.914355] ehci-pci: EHCI PCI platform driver
[    0.915106] ehci-platform: EHCI generic platform driver
[    0.915953] ohci_hcd: USB 1.1 'Open' Host Controller (OHCI) Driver
[    0.916905] ohci-pci: OHCI PCI platform driver
[    0.917638] ohci-platform: OHCI generic platform driver
[    0.918512] uhci_hcd: USB Universal Host Controller Interface driver
[    0.919519] i8042: PNP: PS/2 Controller [PNP0303:PS2K,PNP0f03:PS2M] at 0x60,0x64 irq 1,12
[    0.921351] serio: i8042 KBD port at 0x60,0x64 irq 1
[    0.922184] serio: i8042 AUX port at 0x60,0x64 irq 12
[    0.923137] mousedev: PS/2 mouse device common for all mice
[    0.924521] input: AT Translated Set 2 keyboard as /devices/platform/i8042/serio0/input/input2
[    0.925943] rtc_cmos rtc_cmos: rtc core: registered rtc_cmos as rtc0
[    0.927064] rtc_cmos rtc_cmos: alarms up to one day, 114 bytes nvram
[    0.928049] i2c /dev entries driver
[    0.928716] device-mapper: uevent: version 1.0.3
[    0.929555] device-mapper: ioctl: 4.34.0-ioctl (2015-10-28) initialised: dm-devel@redhat.com
[    0.930967] ledtrig-cpu: registered to indicate activity on CPUs
[    0.932252] NET: Registered protocol family 10
[    0.933216] NET: Registered protocol family 17
[    0.933947] Key type dns_resolver registered
[    0.934947] registered taskstats version 1
[    0.935670] Loading compiled-in X.509 certificates
[    0.936887] Loaded X.509 cert 'Build time autogenerated kernel key: cef5e81496c0efa51b848ab539e845ddf31c08be'
[    0.938668] zswap: loaded using pool lzo/zbud
[    0.940689] Key type trusted registered
[    0.943452] Key type encrypted registered
[    0.944156] AppArmor: AppArmor sha1 policy hashing enabled
[    0.945031] ima: No TPM chip found, activating TPM-bypass!
[    0.945912] ima: Allocated hash algorithm: sha1
[    0.946714] evm: HMAC attrs: 0x1
[    0.947578]   Magic number: 0:88:731
[    0.948283] rtc_cmos rtc_cmos: setting system clock to 2020-08-31 10:42:03 UTC (1598870523)
[    0.949784] BIOS EDD facility v0.16 2004-Jun-25, 0 devices found
[    0.950718] EDD information not available.
[    1.089147] Freeing unused kernel memory: 1492K
[    1.089970] Write protecting the kernel read-only data: 14336k
[    1.091182] Freeing unused kernel memory: 1592K
[    1.092017] Freeing unused kernel memory: 56K
Loading, please wait...
starting version 229
[    1.101106] random: udevadm: uninitialized urandom read (16 bytes read, 1 bits of entropy available)
[    1.102335] random: systemd-udevd: uninitialized urandom read (16 bytes read, 1 bits of entropy available)
[    1.102387] random: systemd-udevd: uninitialized urandom read (16 bytes read, 1 bits of entropy available)
[    1.102399] random: systemd-udevd: uninitialized urandom read (16 bytes read, 1 bits of entropy available)
[    1.102412] random: systemd-udevd: uninitialized urandom read (16 bytes read, 1 bits of entropy available)
[    1.108753] random: udevadm: uninitialized urandom read (16 bytes read, 1 bits of entropy available)
[    1.114763] random: systemd-udevd: uninitialized urandom read (16 bytes read, 1 bits of entropy available)
[    1.116303] random: systemd-udevd: uninitialized urandom read (16 bytes read, 1 bits of entropy available)
[    1.116488] random: udevadm: uninitialized urandom read (16 bytes read, 1 bits of entropy available)
[    1.116523] random: udevadm: uninitialized urandom read (16 bytes read, 1 bits of entropy available)
[    1.144828] e1000: Intel(R) PRO/1000 Network Driver - version 7.3.21-k8-NAPI
[    1.145947] e1000: Copyright (c) 1999-2006 Intel Corporation.
[    1.149460] Fusion MPT base driver 3.04.20
[    1.150213] Copyright (c) 1999-2008 LSI Corporation
[    1.154026] Fusion MPT SPI Host driver 3.04.20
[    1.167119] AVX2 version of gcm_enc/dec engaged.
[    1.167945] AES CTR mode by8 optimization enabled
[    1.354881] input: ImExPS/2 Generic Explorer Mouse as /devices/platform/i8042/serio1/input/input4
[    1.489530] e1000 0000:00:03.0 eth0: (PCI:33MHz:32-bit) 02:81:88:50:25:98
[    1.490667] e1000 0000:00:03.0 eth0: Intel(R) PRO/1000 Network Connection
[    2.037092] e1000 0000:00:08.0 eth1: (PCI:33MHz:32-bit) 08:00:27:92:ae:c6
[    2.038205] e1000 0000:00:08.0 eth1: Intel(R) PRO/1000 Network Connection
[    2.039792] mptbase: ioc0: Initiating bringup
[    2.039973] e1000 0000:00:03.0 enp0s3: renamed from eth0
[    2.050593] e1000 0000:00:08.0 enp0s8: renamed from eth1
[    2.678531] ioc0: LSI53C1030 A0: Capabilities={Initiator}
[    2.839469] scsi host2: ioc0: LSI53C1030 A0, FwRev=00000000h, Ports=1, MaxQ=256, IRQ=20
[    3.762652] scsi 2:0:0:0: Direct-Access     VBOX     HARDDISK         1.0  PQ: 0 ANSI: 5
[    3.764049] scsi target2:0:0: Beginning Domain Validation
[    3.765452] scsi target2:0:0: Domain Validation skipping write tests
[    3.766478] scsi target2:0:0: Ending Domain Validation
[    3.767354] scsi target2:0:0: asynchronous
[    3.768301] scsi 2:0:1:0: Direct-Access     VBOX     HARDDISK         1.0  PQ: 0 ANSI: 5
[    3.769675] scsi target2:0:1: Beginning Domain Validation
[    3.771066] scsi target2:0:1: Domain Validation skipping write tests
[    3.772070] scsi target2:0:1: Ending Domain Validation
[    3.772981] scsi target2:0:1: asynchronous
[    3.777388] sd 2:0:0:0: Attached scsi generic sg0 type 0
[    3.778284] sd 2:0:0:0: [sda] 20971520 512-byte logical blocks: (10.7 GB/10.0 GiB)
[    3.779759] sd 2:0:0:0: [sda] Write Protect is off
[    3.780630] sd 2:0:1:0: Attached scsi generic sg1 type 0
[    3.780634] sd 2:0:1:0: [sdb] 20480 512-byte logical blocks: (10.5 MB/10.0 MiB)
[    3.781560] sd 2:0:0:0: [sda] Incomplete mode parameter data
[    3.781561] sd 2:0:0:0: [sda] Assuming drive cache: write through
[    3.783801] sd 2:0:1:0: [sdb] Write Protect is off
[    3.785577] sd 2:0:1:0: [sdb] Incomplete mode parameter data
[    3.786315]  sda: sda1
[    3.786628] sd 2:0:0:0: [sda] Attached SCSI disk
[    3.787726] sd 2:0:1:0: [sdb] Assuming drive cache: write through
[    3.789900] sd 2:0:1:0: [sdb] Attached SCSI disk
Begin: Loading essential drivers ... [    5.079923] md: linear personality registered for level -1
[    5.082298] md: multipath personality registered for level -4
[    5.084743] md: raid0 personality registered for level 0
[    5.087887] md: raid1 personality registered for level 1
[    5.158586] raid6: sse2x1   gen()  8379 MB/s
[    5.226007] raid6: sse2x1   xor()  7707 MB/s
[    5.295387] raid6: sse2x2   gen() 16633 MB/s
[    5.361835] raid6: sse2x2   xor() 10542 MB/s
[    5.430232] raid6: sse2x4   gen() 17277 MB/s
[    5.498022] raid6: sse2x4   xor()  9125 MB/s
[    5.566081] raid6: avx2x1   gen() 18049 MB/s
[    5.635431] raid6: avx2x2   gen() 25387 MB/s
[    5.701901] raid6: avx2x4   gen() 24389 MB/s
[    5.702660] raid6: using algorithm avx2x2 gen() 25387 MB/s
[    5.703527] raid6: using avx2x2 recovery algorithm
[    5.705319] xor: automatically using best checksumming function:
[    5.745894]    avx       : 14424.000 MB/sec
[    5.747514] async_tx: api initialized (async)
[    5.755038] md: raid6 personality registered for level 6
[    5.755956] md: raid5 personality registered for level 5
[    5.756812] md: raid4 personality registered for level 4
[    5.761798] md: raid10 personality registered for level 10
done.
Begin: Running /scripts/init-premount ... done.
Begin: Mounting root file system ... Begin: Running /scripts/local-top ... done.
Begin: Running /scripts/local-premount ... [    5.785468] Btrfs loaded
Scanning for Btrfs filesystems
done.
Warning: fsck not present, so skipping root file system
[    5.846162] EXT4-fs (sda1): mounted filesystem with ordered data mode. Opts: (null)
done.
Begin: Running /scripts/local-bottom ... done.
Begin: Running /scripts/init-bottom ... done.
[    5.918374] systemd[1]: systemd 229 running in system mode. (+PAM +AUDIT +SELINUX +IMA +APPARMOR +SMACK +SYSVINIT +UTMP +LIBCRYPTSETUP +GCRYPT +GNUTLS +ACL +XZ -LZ4 +SECCOMP +BLKID +ELFUTILS +KMOD -IDN)
[    5.921158] systemd[1]: Detected virtualization oracle.
[    5.922013] systemd[1]: Detected architecture x86-64.

Welcome to [1mUbuntu 16.04.6 LTS[0m!

[    5.925164] systemd[1]: Set hostname to <ubuntu>.
[    5.927565] systemd[1]: Initializing machine ID from random generator.
[    5.928623] systemd[1]: Installed transient /etc/machine-id file.
[    6.033652] systemd[1]: Reached target System Time Synchronized.
[[0;32m  OK  [0m] Reached target System Time Synchronized.
[    6.035387] systemd[1]: Started Forward Password Requests to Wall Directory Watch.
[[0;32m  OK  [0m] Started Forward Password Requests to Wall Directory Watch.
[    6.037527] systemd[1]: Listening on udev Control Socket.
[[0;32m  OK  [0m] Listening on udev Control Socket.
[    6.039219] systemd[1]: Created slice System Slice.
[[0;32m  OK  [0m] Created slice System Slice.
[    6.040760] systemd[1]: Created slice system-serial\x2dgetty.slice.
[[0;32m  OK  [0m] Created slice system-serial\x2dgetty.slice.
[    6.042583] systemd[1]: Listening on Device-mapper event daemon FIFOs.
[[0;32m  OK  [0m] Listening on Device-mapper event daemon FIFOs.
[    6.044331] systemd[1]: Reached target Swap.
[[0;32m  OK  [0m] Reached target Swap.
[    6.045755] systemd[1]: Set up automount Arbitrary Executable File Formats File System Automount Point.
[[0;32m  OK  [0m] Set up automount Arbitrary Executab...ats File System Automount Point.
[    6.048239] systemd[1]: Listening on Journal Socket (/dev/log).
[[0;32m  OK  [0m] Listening on Journal Socket (/dev/log).
[    6.049877] systemd[1]: Listening on /dev/initctl Compatibility Named Pipe.
[[0;32m  OK  [0m] Listening on /dev/initctl Compatibility Named Pipe.
[    6.051715] systemd[1]: Listening on LVM2 poll daemon socket.
[[0;32m  OK  [0m] Listening on LVM2 poll daemon socket.
[    6.053274] systemd[1]: Reached target User and Group Name Lookups.
[[0;32m  OK  [0m] Reached target User and Group Name Lookups.
[    6.054991] systemd[1]: Listening on LVM2 metadata daemon socket.
[[0;32m  OK  [0m] Listening on LVM2 metadata daemon socket.
[    6.056617] systemd[1]: Listening on udev Kernel Socket.
[[0;32m  OK  [0m] Listening on udev Kernel Socket.
[    6.058224] systemd[1]: Created slice User and Session Slice.
[[0;32m  OK  [0m] Created slice User and Session Slice.
[    6.059866] systemd[1]: Listening on Journal Socket.
[[0;32m  OK  [0m] Listening on Journal Socket.
[    6.074552] systemd[1]: Starting Monitoring of LVM2 mirrors, snapshots etc. using dmeventd or progress polling...
         Starting Monitoring of LVM2 mirrors... dmeventd or progress polling...
[    6.077575] systemd[1]: Mounting Debug File System...
         Mounting Debug File System...
[    6.079364] systemd[1]: Starting Uncomplicated firewall...
         Starting Uncomplicated firewall...
[    6.081324] systemd[1]: Mounting Huge Pages File System...
         Mounting Huge Pages File System...
[    6.083115] systemd[1]: Starting Set console keymap...
         Starting Set console keymap...
[    6.086046] systemd[1]: Starting Nameserver information manager...
         Starting Nameserver information manager...
[    6.094222] systemd[1]: Starting Load Kernel Modules...
         Starting Load Kernel Modules...
[    6.096286] systemd[1]: Mounting POSIX Message Queue File System...
         Mounting POSIX Message Queue File System...
[    6.098556] systemd[1]: Reached target Encrypted Volumes.
[[0;32m  OK  [0m] Reached target Encrypted Volumes.
[    6.102212] Loading iSCSI transport class v2.0-870.
[    6.102521] systemd[1]: Starting Remount Root and Kernel File Systems...
         Starting Remount Root and Kernel File Systems...
[    6.105022] systemd[1]: Started Trigger resolvconf update for networkd DNS.
[[0;32m  OK  [0m] Started Trigger resolvconf update for networkd DNS.
[    6.106979] systemd[1]: Listening on Syslog Socket.
[    6.107873] EXT4-fs (sda1): re-mounted. Opts: (null)
[[0;32m  OK  [0m] Listening on Syslog Socket.
[    6.110953] systemd[1]: Starting Create list of required static device nodes for the current kernel...
         Starting Create list of required st... nodes for the current kernel...
[    6.113406] systemd[1]: Reached target Slices.
[[0;32m  OK  [0m] Reached target Slices.
[    6.114941] systemd[1]: Listening on Journal Audit Socket.
[[0;32m  OK  [0m] Listening on Journal Audit Socket.
[    6.117047] systemd[1]: Starting Journal Service...
         Starting Journal Service...
[    6.119940] systemd[1]: Mounted Huge Pages File System.
[[0;32m  OK  [0m] Mounted Huge Pages File System.
[    6.122590] systemd[1]: Mounted POSIX Message Queue File System.
[[0;32m  OK  [0m] Mounted POSIX Message Queue File System.
[    6.124604] systemd[1]: Mounted Debug File System.
[[0;32m  OK  [0m] Mounted Debug File System.
[    6.126320] iscsi: registered transport (tcp)
[    6.127694] systemd[1]: Started Uncomplicated firewall.
[[0;32m  OK  [0m] Started Uncomplicated firewall.
[    6.136969] systemd[1]: Started Remount Root and Kernel File Systems.
[[0;32m  OK  [0m] Started Remount Root and Kernel File Systems.
[    6.140524] systemd[1]: Started Create list of required static device nodes for the current kernel.
[[0;32m  OK  [0m] Started Create list of required sta...ce nodes for the current kernel.
[    6.158412] systemd[1]: Started Nameserver information manager.
[[0;32m  OK  [0m] Started Nameserver information manager.
[    6.160561] systemd[1]: Started Set console keymap.
[[0;32m  OK  [0m] Started Set console keymap.
[    6.163359] systemd[1]: Started LVM2 metadata daemon.
[[0;32m  OK  [0m] Started LVM2 metadata daemon.
[    6.165434] systemd[1]: Starting Create Static Device Nodes in /dev...
         Starting Create Static Device Nodes in /dev...
[    6.178332] systemd[1]: Starting udev Coldplug all Devices...
         Starting udev Coldplug all Devices...
[    6.180490] systemd[1]: Starting Load/Save Random Seed...
         Starting Load/Save Random Seed...
[    6.195956] iscsi: registered transport (iser)
[    6.197580] systemd[1]: Started Load/Save Random Seed.
[[0;32m  OK  [0m] Started Load/Save Random Seed.
[    6.199806] systemd[1]: Started Load Kernel Modules.
[[0;32m  OK  [0m] Started Load Kernel Modules.
[    6.203848] systemd[1]: Starting Apply Kernel Variables...
         Starting Apply Kernel Variables...
[    6.206014] systemd[1]: Mounting FUSE Control File System...
         Mounting FUSE Control File System...
[    6.211207] systemd[1]: Mounted FUSE Control File System.
[[0;32m  OK  [0m] Mounted FUSE Control File System.
[    6.213577] systemd[1]: Started Journal Service.
[[0;32m  OK  [0m] Started Journal Service.
         Starting Flush Journal to Persistent Storage...
[[0;32m  OK  [0m] Started udev Coldplug all Devices.
[    6.232083] systemd-journald[397]: Received request to flush runtime journal from PID 1
[[0;32m  OK  [0m] Started Flush Journal to Persistent Storage.
[[0;32m  OK  [0m] Started Apply Kernel Variables.
[[0;32m  OK  [0m] Started Create Static Device Nodes in /dev.
         Starting udev Kernel Device Manager...
[[0;32m  OK  [0m] Started udev Kernel Device Manager.
[[0;32m  OK  [0m] Started Dispatch Password Requests to Console Directory Watch.
[[0;32m  OK  [0m] Found device /dev/ttyS0.
[[0;32m  OK  [0m] Listening on Load/Save RF Kill Switch Status /dev/rfkill Watch.
[[0;32m  OK  [0m] Started Monitoring of LVM2 mirrors,...ng dmeventd or progress polling.
[[0;32m  OK  [0m] Reached target Local File Systems (Pre).
[[0;32m  OK  [0m] Reached target Local File Systems.
         Starting Initial cloud-init job (pre-networking)...
         Starting Tell Plymouth To Write Out Runtime Data...
         Starting LSB: AppArmor initialization...
         Starting Create Volatile Files and Directories...
         Starting Set console font and keymap...
         Starting Commit a transient machine-id on disk...
[[0;32m  OK  [0m] Started Tell Plymouth To Write Out Runtime Data.
[[0;32m  OK  [0m] Started Create Volatile Files and Directories.
         Starting Update UTMP about System Boot/Shutdown...
[[0;32m  OK  [0m] Started Update UTMP about System Boot/Shutdown.
[[0;32m  OK  [0m] Started Commit a transient machine-id on disk.
[[0;32m  OK  [0m] Started LSB: AppArmor initialization.
[    7.697263] cloud-init[598]: Cloud-init v. 20.2-45-g5f7825e2-0ubuntu1~16.04.1 running 'init-local' at Mon, 31 Aug 2020 10:42:10 +0000. Up 7.31 seconds.
         Starting Load AppArmor profiles managed internally by snapd...
[[0;32m  OK  [0m] Started Load AppArmor profiles managed internally by snapd.
[[0;32m  OK  [0m] Started Initial cloud-init job (pre-networking).
[[0;32m  OK  [0m] Reached target Network (Pre).
         Starting Raise network interfaces...
[[0;32m  OK  [0m] Started Set console font and keymap.
[[0;32m  OK  [0m] Created slice system-getty.slice.
[[0;32m  OK  [0m] Started Raise network interfaces.
[[0;32m  OK  [0m] Reached target Network.
         Starting Initial cloud-init job (metadata service crawler)...
[    8.464840] cloud-init[963]: Cloud-init v. 20.2-45-g5f7825e2-0ubuntu1~16.04.1 running 'init' at Mon, 31 Aug 2020 10:42:10 +0000. Up 8.16 seconds.
[    8.466443] cloud-init[963]: ci-info: ++++++++++++++++++++++++++++++++++++++Net device info+++++++++++++++++++++++++++++++++++++++
[    8.467917] cloud-init[963]: ci-info: +--------+-------+----------------------------+---------------+--------+-------------------+
[    8.469395] cloud-init[963]: ci-info: | Device |   Up  |          Address           |      Mask     | Scope  |     Hw-Address    |
[    8.480745] cloud-init[963]: ci-info: +--------+-------+----------------------------+---------------+--------+-------------------+
[    8.482277] cloud-init[963]: ci-info: | enp0s3 |  True |         10.0.2.15          | 255.255.255.0 | global | 02:81:88:50:25:98 |
[    8.483696] cloud-init[963]: ci-info: | enp0s3 |  True | fe80::81:88ff:fe50:2598/64 |       .       |  link  | 02:81:88:50:25:98 |
[    8.485247] cloud-init[963]: ci-info: | enp0s8 | False |             .              |       .       |   .    | 08:00:27:92:ae:c6 |
[    8.486866] cloud-init[963]: ci-info: |   lo   |  True |         127.0.0.1          |   255.0.0.0   |  host  |         .         |
[    8.488456] cloud-init[963]: ci-info: |   lo   |  True |          ::1/128           |       .       |  host  |         .         |
[    8.490032] cloud-init[963]: ci-info: +--------+-------+----------------------------+---------------+--------+-------------------+
[    8.491550] cloud-init[963]: ci-info: +++++++++++++++++++++++++++Route IPv4 info++++++++++++++++++++++++++++
[    8.492835] cloud-init[963]: ci-info: +-------+-------------+----------+---------------+-----------+-------+
[    8.494446] cloud-init[963]: ci-info: | Route | Destination | Gateway  |    Genmask    | Interface | Flags |
[    8.496261] cloud-init[963]: ci-info: +-------+-------------+----------+---------------+-----------+-------+
[    8.496435] cloud-init[963]: ci-info: |   0   |   0.0.0.0   | 10.0.2.2 |    0.0.0.0    |   enp0s3  |   UG  |
[    8.497643] cloud-init[963]: ci-info: |   1   |   10.0.2.0  | 0.0.0.0  | 255.255.255.0 |   enp0s3  |   U   |
[    8.498596] cloud-init[963]: ci-info: +-------+-------------+----------+---------------+-----------+-------+
[    8.499576] cloud-init[963]: ci-info: +++++++++++++++++++Route IPv6 info+++++++++++++++++++
[    8.500566] cloud-init[963]: ci-info: +-------+-------------+---------+-----------+-------+
[    8.501233] cloud-init[963]: ci-info: | Route | Destination | Gateway | Interface | Flags |
[    8.502072] cloud-init[963]: ci-info: +-------+-------------+---------+-----------+-------+
[    8.502713] cloud-init[963]: ci-info: |   0   |  fe80::/64  |    ::   |   enp0s3  |   U   |
[    8.503520] cloud-init[963]: ci-info: |   3   |   ff00::/8  |    ::   |   enp0s3  |   U   |
[    8.504415] cloud-init[963]: ci-info: +-------+-------------+---------+-----------+-------+
[    8.505038] cloud-init[963]: Generating public/private rsa key pair.
[    8.505808] cloud-init[963]: Your identification has been saved in /etc/ssh/ssh_host_rsa_key.
[    8.506352] cloud-init[963]: Your public key has been saved in /etc/ssh/ssh_host_rsa_key.pub.
[    8.507197] cloud-init[963]: The key fingerprint is:
[    8.508028] cloud-init[963]: SHA256:V6/9Gzd9lRUog2agXimsjYrqsLouctdxkc6nQOi/HpY root@ubuntu-xenial
[    8.508173] cloud-init[963]: The key's randomart image is:
[    8.509350] cloud-init[963]: +---[RSA 2048]----+
[    8.509640] cloud-init[963]: |       .. .   .. |
[    8.510390] cloud-init[963]: |    . . .+ o .  .|
[    8.510620] cloud-init[963]: |     = oo.  +   .|
[    8.510935] cloud-init[963]: |    * + o  . .  o|
[    8.511548] cloud-init[963]: |   + + oS..   ...|
[    8.511788] cloud-init[963]: |. . . o.+..  o  o|
[    8.512330] cloud-init[963]: |o.   oE+ o  . .o+|
[    8.512653] cloud-init[963]: |=.. ..o..      .=|
[    8.513207] cloud-init[963]: |@= . .o.       .o|
[    8.513533] cloud-init[963]: +----[SHA256]-----+
[    8.514113] cloud-init[963]: Generating public/private dsa key pair.
[    8.514361] cloud-init[963]: Your identification has been saved in /etc/ssh/ssh_host_dsa_key.
[    8.515037] cloud-init[963]: Your public key has been saved in /etc/ssh/ssh_host_dsa_key.pub.
[[0;32m  OK  [0m[    8.516479] cloud-init[963]: The key fingerprint is:
[    8.516809] cloud-init[963]: SHA256:IQ6RhJD1J6rUcq8cXhJuUmc30dh+ajIh24gXi188fZ4 root@ubuntu-xenial
[    8.517203] cloud-init[963]: The key's randomart image is:
[    8.518221] cloud-init[963]: +---[DSA 1024]----+
[    8.518567] cloud-init[963]: |.+.oo.           |
[    8.519120] cloud-init[963]: |. ....  +        |
[    8.519433] cloud-init[963]: |    + oo.o       |
] Started Initial cloud-init job (metadata service crawler).
[    8.519615] cloud-init[963]: |  .. = .o.       |
[    8.521383] cloud-init[963]: | o.= =.+S. .     |
[    8.521694] cloud-init[963]: |..= B X + o      |
[    8.522189] cloud-init[963]: |.. B B B + .     |
[    8.522405] cloud-init[963]: |  = B . = o .    |
[    8.522964] cloud-init[963]: |   + .     E     |
[    8.523269] cloud-init[963]: +----[SHA256]-----+
[    8.523841] cloud-init[963]: Generating public/private ecdsa key pair.
[    8.524288] cloud-init[963]: Your identification has been saved in /etc/ssh/ssh_host_ecdsa_key.
[    8.524895] cloud-init[963]: Your public key has been saved in /etc/ssh/ssh_host_ecdsa_key.pub.
[    8.525772] cloud-init[963]: The key fingerprint is:
[    8.526529] cloud-init[963]: SHA256:7gV6HNmKyIn7lIJLkOxqbAal4smR7b0YzMEoCBwyaG4 root@ubuntu-xenial
[    8.526886] cloud-init[963]: The key's randomart image is:
[    8.527942] cloud-init[963]: +---[ECDSA 256]---+
[    8.528253] cloud-init[963]: |+.               |
[    8.528811] cloud-init[963]: |+o.              |
[    8.529121] cloud-init[963]: |+.               |
[    8.529672] cloud-init[963]: |+E+      o       |
[    8.529976] cloud-init[963]: |*=oo    S .      |
[    8.530506] cloud-init[963]: |B+o+.+ = +       |
[    8.530812] cloud-init[963]: |Bo*+B o = .      |
[    8.531363] cloud-init[963]: |oX =o. o .       |
[    8.531680] cloud-init[963]: |* .o... .        |
[    8.532246] cloud-init[963]: +----[SHA256]-----+
[    8.532529] cloud-init[963]: Generating public/private ed25519 key pair.
[    8.533060] cloud-init[963]: Your identification has been saved in /etc/ssh/ssh_host_ed25519_key.
[    8.533690] cloud-init[963]: Your public key has been saved in /etc/ssh/ssh_host_ed25519_key.pub.
[    8.534584] cloud-init[963]: The key fingerprint is:
[    8.535332] cloud-init[963]: SHA256:i/2Lj1dCEAawVP02ecxDCU/WlngArJMEDr6hRPEIMoY root@ubuntu-xenial
[    8.535641] cloud-init[963]: The key's randomart image is:
[    8.537004] cloud-init[963]: +--[ED25519 256]--+
[    8.537038] cloud-init[963]: |=.o.+o++oooo+= . |
[    8.537777] cloud-init[963]: |E+ = + .+ .++ =  |
[    8.538178] cloud-init[963]: |  o = .. = =.o   |
[    8.538364] cloud-init[963]: | . . o  + * =    |
[    8.538891] cloud-init[963]: |  . .   S+ o .   |
[    8.539225] cloud-init[963]: |       o .. .    |
[    8.539919] cloud-init[963]: |      . o  o     |
[    8.540119] cloud-init[963]: |         +.      |
[    8.540687] cloud-init[963]: |        oo+.     |
[    8.541039] cloud-init[963]: +----[SHA256]-----+
[[0;32m  OK  [0m] Reached target Network is Online.
         Starting iSCSI initiator daemon (iscsid)...
[[0;32m  OK  [0m] Reached target System Initialization.
[[0;32m  OK  [0m] Started Daily Cleanup of Temporary Directories.
[[0;32m  OK  [0m] Listening on UUID daemon activation socket.
         Starting Socket activation for snappy daemon.
[[0;32m  OK  [0m] Started ACPI Events Check.
[[0;32m  OK  [0m] Reached target Paths.
[[0;32m  OK  [0m] Listening on D-Bus System Message Bus Socket.
[[0;32m  OK  [0m] Started Message of the Day.
[[0;32m  OK  [0m] Started Daily apt download activities.
[[0;32m  OK  [0m] Started Daily apt upgrade and clean activities.
[[0;32m  OK  [0m] Reached target Timers.
         Starting LXD - unix socket.
[[0;32m  OK  [0m] Listening on ACPID Listen Socket.
[[0;32m  OK  [0m] Reached target Cloud-config availability.
[[0;32m  OK  [0m] Listening on Socket activation for snappy daemon.
[[0;32m  OK  [0m] Listening on LXD - unix socket.
[[0;32m  OK  [0m] Reached target Sockets.
[[0;32m  OK  [0m] Reached target Basic System.
[[0;32m  OK  [0m] Started FUSE filesystem for LXC.
         Starting LSB: Record successful boot for GRUB...
[[0;32m  OK  [0m] Started Deferred execution scheduler.
[[0;32m  OK  [0m] Started Regular background program processing daemon.
         Starting Accounts Service...
         Starting /etc/rc.local Compatibility...
         Starting Login Service...
         Starting LSB: MD monitoring daemon...
         Starting System Logging Service...
         Starting LXD - container startup/shutdown...
[[0;32m  OK  [0m] Started ACPI event daemon.
[[0;32m  OK  [0m] Started D-Bus System Message Bus.
         Starting Virtualbox guest utils...
         Starting Pollinate to seed the pseudo random number generator...
         Starting Snap Daemon...
[[0;32m  OK  [0m] Started System Logging Service.
[[0;32m  OK  [0m] Started iSCSI initiator daemon (iscsid).
[[0;32m  OK  [0m] Started /etc/rc.local Compatibility.
[[0;32m  OK  [0m] Started Login Service.
         Starting Authenticate and Authorize Users to Run Privileged Tasks...
[[0;32m  OK  [0m] Started Unattended Upgrades Shutdown.
         Starting Login to default iSCSI targets...
[[0;32m  OK  [0m] Started LSB: Record successful boot for GRUB.
[[0;32m  OK  [0m] Started LSB: MD monitoring daemon.
[[0;32m  OK  [0m] Started Authenticate and Authorize Users to Run Privileged Tasks.
[[0;32m  OK  [0m] Started Accounts Service.
[[0;32m  OK  [0m] Started Login to default iSCSI targets.
[[0;32m  OK  [0m] Reached target Remote File Systems (Pre).
[[0;32m  OK  [0m] Reached target Remote File Systems.
         Starting LSB: automatic crash report generation...
         Starting Permit User Sessions...
         Starting LSB: daemon to balance interrupts for SMP systems...
         Starting LSB: Set the CPU Frequency Scaling governor to "ondemand"...
[[0;32m  OK  [0m] Started LXD - container startup/shutdown.
[[0;32m  OK  [0m] Started Virtualbox guest utils.
[[0;32m  OK  [0m] Started Permit User Sessions.
         Starting Hold until boot process finishes up...
         Starting Terminate Plymouth Boot Screen...
[[0;32m  OK  [0m] Started Hold until boot process finishes up.
[[0;32m  OK  [0m] Started Serial Getty on ttyS0.
[[0;32m  OK  [0m] Started Getty on tty1.
[[0;32m  OK  [0m] Reached target Login Prompts.
         Starting Set console scheme...
[[0;32m  OK  [0m] Started LSB: automatic crash report generation.
[[0;32m  OK  [0m] Started LSB: daemon to balance interrupts for SMP systems.
[[0;32m  OK  [0m] Started LSB: Set the CPU Frequency Scaling governor to "ondemand".
[[0;32m  OK  [0m] Started Terminate Plymouth Boot Screen.
[[0;32m  OK  [0m] Started Set console scheme.
[[0;32m  OK  [0m] Started Snap Daemon.
         Starting Wait until snapd is fully seeded...
[[0;32m  OK  [0m] Started Pollinate to seed the pseudo random number generator.
         Starting OpenBSD Secure Shell server...
[[0;32m  OK  [0m] Started OpenBSD Secure Shell server.
[[0;32m  OK  [0m] Created slice User Slice of vagrant.
         Starting User Manager for UID 1000...
[[0;32m  OK  [0m] Started Session 1 of user vagrant.
[[0;32m  OK  [0m] Started User Manager for UID 1000.

Ubuntu 16.04.6 LTS ubuntu-xenial ttyS0

ubuntu-xenial login: [   15.937984] cloud-init[1517]: Generating locales (this might take a while)...
[   16.964444] cloud-init[1517]:   en_US.UTF-8... done
[   16.965208] cloud-init[1517]: Generation complete.
[   17.164007] cloud-init[1517]: Cloud-init v. 20.2-45-g5f7825e2-0ubuntu1~16.04.1 running 'modules:config' at Mon, 31 Aug 2020 10:42:18 +0000. Up 15.86 seconds.
ci-info: no authorized SSH keys fingerprints found for user ubuntu.
<14>Aug 31 10:42:20 ec2: 
<14>Aug 31 10:42:20 ec2: #############################################################
<14>Aug 31 10:42:20 ec2: -----BEGIN SSH HOST KEY FINGERPRINTS-----
<14>Aug 31 10:42:20 ec2: 1024 SHA256:IQ6RhJD1J6rUcq8cXhJuUmc30dh+ajIh24gXi188fZ4 root@ubuntu-xenial (DSA)
<14>Aug 31 10:42:20 ec2: 256 SHA256:7gV6HNmKyIn7lIJLkOxqbAal4smR7b0YzMEoCBwyaG4 root@ubuntu-xenial (ECDSA)
<14>Aug 31 10:42:20 ec2: 256 SHA256:i/2Lj1dCEAawVP02ecxDCU/WlngArJMEDr6hRPEIMoY root@ubuntu-xenial (ED25519)
<14>Aug 31 10:42:20 ec2: 2048 SHA256:V6/9Gzd9lRUog2agXimsjYrqsLouctdxkc6nQOi/HpY root@ubuntu-xenial (RSA)
<14>Aug 31 10:42:20 ec2: -----END SSH HOST KEY FINGERPRINTS-----
<14>Aug 31 10:42:20 ec2: #############################################################
-----BEGIN SSH HOST KEY KEYS-----
ecdsa-sha2-nistp256 AAAAE2VjZHNhLXNoYTItbmlzdHAyNTYAAAAIbmlzdHAyNTYAAABBBC0X+y5BFc6jP4Nbh0Gh3MNGtyustovhwfUJOLd6ZXtLekE5wl50tgEBrjat8POGhSOmjvKseUQSubBGxvn1gH8= root@ubuntu-xenial
ssh-ed25519 AAAAC3NzaC1lZDI1NTE5AAAAIFBhfeGQkFFiPEbwcjfnt0I4wcsoYE/TMw5gfmOn1Wb/ root@ubuntu-xenial
ssh-rsa AAAAB3NzaC1yc2EAAAADAQABAAABAQCpjX+VkXiFpXdV4wTwxcwcgAZzDtg3N/iRuuwWdeArObQIwvXolJcE+iiCA27ZEV1EZzy3FjjsEnfBnxssKglqVwxe6iAi1qRNWEMR3ge/SOBvegBrQv7J6l5hXRcKHcvaTwkWFmoDHMR9lRVpoReONd87zKkVxtfNqLO5f9TxcaCP970vJwbYZOfaviNdOUXmu+hTPutwMbxZHlNf1UiZo6HHy/OVE+SLgtv52BTZyeSsXSGD/MPxlV5h0MrptM7EumqGjc2lHqo0DP9GYtTe3OBpRzezB6iJ86eookCIV1szNuA8QPTPiGgFYJIoRp3SgZVbSqdXjZGjc5irDO8j root@ubuntu-xenial
-----END SSH HOST KEY KEYS-----
[   17.509579] cloud-init[1622]: Cloud-init v. 20.2-45-g5f7825e2-0ubuntu1~16.04.1 running 'modules:final' at Mon, 31 Aug 2020 10:42:20 +0000. Up 17.41 seconds.
[   17.511324] cloud-init[1622]: ci-info: no authorized SSH keys fingerprints found for user ubuntu.
[   17.512395] cloud-init[1622]: Cloud-init v. 20.2-45-g5f7825e2-0ubuntu1~16.04.1 finished at Mon, 31 Aug 2020 10:42:20 +0000. Datasource DataSourceNoCloud [seed=/dev/sdb][dsmode=net].  Up 17.49 seconds
